<?xml version="1.0" encoding="UTF-8"?>
<!-- Generated by org.testng.reporters.JUnitReportReporter -->
<testsuite hostname="08426-001L" failures="0" tests="1" name="UploadFileTest" time="27.210" errors="0" timestamp="13 Oct 2022 16:46:50 GMT" skipped="0">
  <testcase classname="UploadFileTest" name="uploadFileTest" time="27.210"/>
</testsuite> <!-- UploadFileTest -->
